<?xml version="1.0" encoding="UTF-8"?>
<!-- Generated by org.testng.reporters.JUnitReportReporter -->
<testsuite hostname="DESKTOP-6SNOD9C" name="com.firsttest.DemoTestclass" tests="4" failures="0" timestamp="12 Jul 2018 02:43:31 GMT" time="0.015" errors="0">
  <testcase name="Sub" time="0.000" classname="com.firsttest.DemoTestclass"/>
  <testcase name="add" time="0.000" classname="com.firsttest.DemoTestclass"/>
  <testcase name="add2" time="0.000" classname="com.firsttest.DemoTestclass"/>
  <testcase name="multiplication" time="0.015" classname="com.firsttest.DemoTestclass"/>
</testsuite> <!-- com.firsttest.DemoTestclass -->
