<?xml version="1.0" encoding="UTF-8"?>
<!-- Generated by org.testng.reporters.JUnitReportReporter -->
<testsuite hostname="DESKTOP-6SNOD9C" name="com.firsttest.DemoTest2" tests="3" failures="0" timestamp="9 Jul 2018 07:07:03 GMT" time="0.005" errors="0">
  <testcase name="Sub" time="0.001" classname="com.firsttest.DemoTest2"/>
  <testcase name="add" time="0.003" classname="com.firsttest.DemoTest2"/>
  <testcase name="multiplication" time="0.001" classname="com.firsttest.DemoTest2"/>
</testsuite> <!-- com.firsttest.DemoTest2 -->
