<?xml version="1.0" encoding="UTF-8"?>
<!-- Generated by org.testng.reporters.JUnitReportReporter -->
<testsuite hostname="DESKTOP-6SNOD9C" name="com.firsttest.DemoTestclass" tests="3" failures="0" timestamp="9 Jul 2018 07:09:48 GMT" time="0.005" errors="0">
  <testcase name="add" time="0.003" classname="com.firsttest.DemoTestclass"/>
  <testcase name="multiplication" time="0.000" classname="com.firsttest.DemoTestclass"/>
  <testcase name="Sub" time="0.002" classname="com.firsttest.DemoTestclass"/>
</testsuite> <!-- com.firsttest.DemoTestclass -->
